/*C3*/SET SCHEMA PUBLIC
DISCONNECT
/*C4*/SET SCHEMA PUBLIC
DISCONNECT
/*C2*/SET SCHEMA PUBLIC
DISCONNECT
/*C5*/SET SCHEMA PUBLIC
INSERT INTO BANKACCOUNT VALUES('AIB111','212126','Hello','hi',300,1)
COMMIT
INSERT INTO BANKACCOUNT VALUES('AIB111','212127','Hello','hi',300,1)
COMMIT
INSERT INTO BANKACCOUNT VALUES('AIB111','212128','Hello','hi',300,1)
COMMIT
INSERT INTO BANKACCOUNT VALUES('AIB111','212129','Hello','hi',300,1)
COMMIT
INSERT INTO BANKACCOUNT VALUES('AIB111','212130','Hello','hi',300,1)
COMMIT
INSERT INTO BANKACCOUNT VALUES('AIB111','212131','Hello','hi',300,1)
COMMIT
INSERT INTO BANKACCOUNT VALUES('AIB111','212132','Hello','hi',300,1)
COMMIT
INSERT INTO BANKACCOUNT VALUES('AIB111','212133','Hello','hi',300,1)
COMMIT
INSERT INTO BANKACCOUNT VALUES('AIB111','212134','Hello','hi',300,1)
COMMIT
INSERT INTO BANKACCOUNT VALUES('AIB111','212135','Hello','hi',300,1)
COMMIT
INSERT INTO BANKACCOUNT VALUES('AIB111','212136','Hello','hi',300,1)
COMMIT
INSERT INTO BANKACCOUNT VALUES('AIB111','212137','Hello','hi',300,1)
COMMIT
INSERT INTO BANKACCOUNT VALUES('AIB111','212138','Hello','hi',300,1)
COMMIT
INSERT INTO BANKACCOUNT VALUES('AIB111','212139','Hello','hi',300,1)
COMMIT
INSERT INTO BANKACCOUNT VALUES('AIB111','212140','Hello','hi',300,1)
COMMIT
DISCONNECT
/*C6*/SET SCHEMA PUBLIC
DISCONNECT
/*C8*/SET SCHEMA PUBLIC
DELETE FROM BANKACCOUNT WHERE BRANCH_CODE='AIB111' AND ACCOUNT_NUMBER='212126' AND CUST_NAME='Hello' AND CUST_ADDRESS='hi' AND CUST_RATING=300 AND BALANCE=1
DELETE FROM BANKACCOUNT WHERE BRANCH_CODE='AIB111' AND ACCOUNT_NUMBER='212127' AND CUST_NAME='Hello' AND CUST_ADDRESS='hi' AND CUST_RATING=300 AND BALANCE=1
DELETE FROM BANKACCOUNT WHERE BRANCH_CODE='AIB111' AND ACCOUNT_NUMBER='212128' AND CUST_NAME='Hello' AND CUST_ADDRESS='hi' AND CUST_RATING=300 AND BALANCE=1
DELETE FROM BANKACCOUNT WHERE BRANCH_CODE='AIB111' AND ACCOUNT_NUMBER='212129' AND CUST_NAME='Hello' AND CUST_ADDRESS='hi' AND CUST_RATING=300 AND BALANCE=1
DELETE FROM BANKACCOUNT WHERE BRANCH_CODE='AIB111' AND ACCOUNT_NUMBER='212130' AND CUST_NAME='Hello' AND CUST_ADDRESS='hi' AND CUST_RATING=300 AND BALANCE=1
DELETE FROM BANKACCOUNT WHERE BRANCH_CODE='AIB111' AND ACCOUNT_NUMBER='212131' AND CUST_NAME='Hello' AND CUST_ADDRESS='hi' AND CUST_RATING=300 AND BALANCE=1
DELETE FROM BANKACCOUNT WHERE BRANCH_CODE='AIB111' AND ACCOUNT_NUMBER='212132' AND CUST_NAME='Hello' AND CUST_ADDRESS='hi' AND CUST_RATING=300 AND BALANCE=1
DELETE FROM BANKACCOUNT WHERE BRANCH_CODE='AIB111' AND ACCOUNT_NUMBER='212133' AND CUST_NAME='Hello' AND CUST_ADDRESS='hi' AND CUST_RATING=300 AND BALANCE=1
DELETE FROM BANKACCOUNT WHERE BRANCH_CODE='AIB111' AND ACCOUNT_NUMBER='212134' AND CUST_NAME='Hello' AND CUST_ADDRESS='hi' AND CUST_RATING=300 AND BALANCE=1
DELETE FROM BANKACCOUNT WHERE BRANCH_CODE='AIB111' AND ACCOUNT_NUMBER='212135' AND CUST_NAME='Hello' AND CUST_ADDRESS='hi' AND CUST_RATING=300 AND BALANCE=1
DELETE FROM BANKACCOUNT WHERE BRANCH_CODE='AIB111' AND ACCOUNT_NUMBER='212136' AND CUST_NAME='Hello' AND CUST_ADDRESS='hi' AND CUST_RATING=300 AND BALANCE=1
DELETE FROM BANKACCOUNT WHERE BRANCH_CODE='AIB111' AND ACCOUNT_NUMBER='212137' AND CUST_NAME='Hello' AND CUST_ADDRESS='hi' AND CUST_RATING=300 AND BALANCE=1
DELETE FROM BANKACCOUNT WHERE BRANCH_CODE='AIB111' AND ACCOUNT_NUMBER='212138' AND CUST_NAME='Hello' AND CUST_ADDRESS='hi' AND CUST_RATING=300 AND BALANCE=1
DELETE FROM BANKACCOUNT WHERE BRANCH_CODE='AIB111' AND ACCOUNT_NUMBER='212139' AND CUST_NAME='Hello' AND CUST_ADDRESS='hi' AND CUST_RATING=300 AND BALANCE=1
DELETE FROM BANKACCOUNT WHERE BRANCH_CODE='AIB111' AND ACCOUNT_NUMBER='212140' AND CUST_NAME='Hello' AND CUST_ADDRESS='hi' AND CUST_RATING=300 AND BALANCE=1
COMMIT
DISCONNECT
/*C7*/SET SCHEMA PUBLIC
INSERT INTO BANKACCOUNT VALUES('AIB112','212126','Evan Peter','White',1,50)
COMMIT
DELETE FROM BANKACCOUNT WHERE BRANCH_CODE='AIB112' AND ACCOUNT_NUMBER='212126' AND CUST_NAME='Evan Peter' AND CUST_ADDRESS='White' AND CUST_RATING=1 AND BALANCE=50
INSERT INTO BANKACCOUNT VALUES('AIB112','212126','Evan','White',1,25)
COMMIT
DELETE FROM BANKACCOUNT WHERE BRANCH_CODE='AIB112' AND ACCOUNT_NUMBER='212126' AND CUST_NAME='Evan' AND CUST_ADDRESS='White' AND CUST_RATING=1 AND BALANCE=25
COMMIT
DISCONNECT
